#
# A fatal error has been detected by the Java Runtime Environment:
#
#  SIGSEGV (0xb) at pc=0x00007fa5fedfb375, pid=22922, tid=22939
#
# JRE version: OpenJDK Runtime Environment (15.0+36) (build 15+36-1562)
# Java VM: OpenJDK 64-Bit Server VM (15+36-1562, mixed mode, sharing, tiered, compressed oops, g1 gc, linux-amd64)
# Problematic frame:
# C  [libjimage.so+0x4375]  ImageStrings::find(Endian*, char const*, int*, unsigned int)+0x65
#
# Core dump will be written. Default location: Core dumps may be processed with "/lib/systemd/systemd-coredump %P %u %g %s %t 9223372036854775808 %e" (or dumping to /home/matrix/projetos/profissão_dev/snake/core.22922)
#
# If you would like to submit a bug report, please visit:
#   https://bugreport.java.com/bugreport/crash.jsp
#

---------------  S U M M A R Y ------------

Command Line: -XX:+ShowCodeDetailsInExceptionMessages -agentlib:jdwp=transport=dt_socket,suspend=y,address=localhost:43247 -javaagent:/home/matrix/eclipse/java-2020-09/eclipse/configuration/org.eclipse.osgi/424/0/.cp/lib/javaagent-shaded.jar -Dfile.encoding=UTF-8 snake.Application

Host: Pentium(R) Dual-Core CPU       T4400  @ 2.20GHz, 2 cores, 3G, Linux Mint 19.3 Tricia
Time: Fri Sep 25 14:13:03 2020 -03 elapsed time: 805.777081 seconds (0d 0h 13m 25s)

---------------  T H R E A D  ---------------

Current thread (0x00007fa5f810bde0):  JavaThread "Signal Dispatcher" daemon [_thread_in_vm, id=22939, stack(0x00007fa5c703f000,0x00007fa5c7140000)]

Stack: [0x00007fa5c703f000,0x00007fa5c7140000],  sp=0x00007fa5c713d1b0,  free space=1016k
Native frames: (J=compiled Java code, A=aot compiled Java code, j=interpreted, Vv=VM code, C=native code)
C  [libjimage.so+0x4375]  ImageStrings::find(Endian*, char const*, int*, unsigned int)+0x65
C  [libjimage.so+0x4f0e]  ImageFileReader::find_location_index(char const*, unsigned long long*) const+0x3e
C  [libjimage.so+0x540c]  JIMAGE_FindResource+0xfc
V  [libjvm.so+0x4e9431]